<?xml version="1.0" encoding="UTF-8"?>
<!-- Generated by org.testng.reporters.JUnitXMLReporter -->
<testsuite ignored="0" hostname="LAPTOP-TUN1U03P" failures="0" tests="3" name="Add Customer Test" time="18.323" errors="0" timestamp="18 Oct 2022 08:56:47 GMT">
  <testcase classname="testcases.AddCustomerTest" name="addCustomerTest" time="6.29"/>
  <testcase classname="testcases.AddCustomerTest" name="addCustomerTest" time="0.038">
    <skipped/>
  </testcase> <!-- addCustomerTest -->
  <testcase classname="testcases.AddCustomerTest" name="addCustomerTest" time="10.51"/>
</testsuite> <!-- Add Customer Test -->
