<?xml version="1.0" encoding="UTF-8"?>
<!-- Generated by org.testng.reporters.JUnitXMLReporter -->
<testsuite ignored="0" hostname="LAPTOP-TUN1U03P" failures="0" tests="3" name="Open Account Test" time="25.749" errors="0" timestamp="18 Oct 2022 08:57:13 GMT">
  <testcase classname="testcases.OpenAccountTest" name="openAccountTest" time="8.505"/>
  <testcase classname="testcases.OpenAccountTest" name="openAccountTest" time="6.445"/>
  <testcase classname="testcases.OpenAccountTest" name="openAccountTest" time="9.587"/>
</testsuite> <!-- Open Account Test -->
