<?xml version="1.0" encoding="UTF-8"?>
<testng-results ignored="0" total="7" passed="6" failed="0" skipped="1">
  <reporter-output>
  </reporter-output>
  <suite started-at="2022-10-18T08:56:21Z" name="Data Driven Framework" finished-at="2022-10-18T08:57:13Z" duration-ms="52176">
    <groups>
    </groups>
    <test started-at="2022-10-18T08:56:21Z" name="Bank Manager Login Test" finished-at="2022-10-18T08:56:28Z" duration-ms="7764">
      <class name="testcases.BankManagerLoginTest">
        <test-method signature="loginAsBankManager()[pri:0, instance:testcases.BankManagerLoginTest@2931522b]" started-at="2022-10-18T08:56:21Z" name="loginAsBankManager" finished-at="2022-10-18T08:56:28Z" duration-ms="7443" status="PASS">
          <reporter-output>
          </reporter-output>
        </test-method> <!-- loginAsBankManager -->
        <test-method is-config="true" signature="quit()[pri:0, instance:testcases.BankManagerLoginTest@2931522b]" started-at="2022-10-18T08:56:28Z" name="quit" finished-at="2022-10-18T08:56:28Z" duration-ms="305" status="PASS">
          <reporter-output>
          </reporter-output>
        </test-method> <!-- quit -->
      </class> <!-- testcases.BankManagerLoginTest -->
    </test> <!-- Bank Manager Login Test -->
    <test started-at="2022-10-18T08:56:29Z" name="Add Customer Test" finished-at="2022-10-18T08:56:47Z" duration-ms="18323">
      <class name="testcases.AddCustomerTest">
        <test-method signature="addCustomerTest(java.util.Hashtable)[pri:0, instance:testcases.AddCustomerTest@332729ad]" started-at="2022-10-18T08:56:29Z" name="addCustomerTest" data-provider="bankManagerDP" finished-at="2022-10-18T08:56:35Z" duration-ms="6290" status="PASS">
          <params>
            <param index="0">
              <value>
                <![CDATA[{browser=chrome, postcode=A234324, Runmode=Y, lastname=Arora, firstname=Raman}]]>
              </value>
            </param>
          </params>
          <reporter-output>
          </reporter-output>
        </test-method> <!-- addCustomerTest -->
        <test-method is-config="true" signature="quit()[pri:0, instance:testcases.AddCustomerTest@332729ad]" started-at="2022-10-18T08:56:35Z" name="quit" finished-at="2022-10-18T08:56:36Z" duration-ms="335" status="PASS">
          <reporter-output>
          </reporter-output>
        </test-method> <!-- quit -->
        <test-method signature="addCustomerTest(java.util.Hashtable)[pri:0, instance:testcases.AddCustomerTest@332729ad]" started-at="2022-10-18T08:56:36Z" name="addCustomerTest" data-provider="bankManagerDP" finished-at="2022-10-18T08:56:36Z" duration-ms="38" status="SKIP">
          <params>
            <param index="0">
              <value>
                <![CDATA[{browser=chrome, postcode=D53434, Runmode=N, lastname=Arora, firstname=Rahul}]]>
              </value>
            </param>
          </params>
          <exception class="org.testng.SkipException">
            <message>
              <![CDATA[Skipping the test : AddCustomerTest as the Run mode to Data set is NO]]>
            </message>
            <full-stacktrace>
              <![CDATA[org.testng.SkipException: Skipping the test : AddCustomerTest as the Run mode to Data set is NO
at utilities.DataUtil.checkExecution(DataUtil.java:32)
at testcases.AddCustomerTest.addCustomerTest(AddCustomerTest.java:22)
at java.base/jdk.internal.reflect.NativeMethodAccessorImpl.invoke0(Native Method)
at java.base/jdk.internal.reflect.NativeMethodAccessorImpl.invoke(NativeMethodAccessorImpl.java:78)
at java.base/jdk.internal.reflect.DelegatingMethodAccessorImpl.invoke(DelegatingMethodAccessorImpl.java:43)
at java.base/java.lang.reflect.Method.invoke(Method.java:567)
at org.testng.internal.MethodInvocationHelper.invokeMethod(MethodInvocationHelper.java:124)
at org.testng.internal.Invoker.invokeMethod(Invoker.java:583)
at org.testng.internal.Invoker.invokeTestMethod(Invoker.java:719)
at org.testng.internal.Invoker.invokeTestMethods(Invoker.java:989)
at org.testng.internal.TestMethodWorker.invokeTestMethods(TestMethodWorker.java:125)
at org.testng.internal.TestMethodWorker.run(TestMethodWorker.java:109)
at org.testng.TestRunner.privateRun(TestRunner.java:648)
at org.testng.TestRunner.run(TestRunner.java:505)
at org.testng.SuiteRunner.runTest(SuiteRunner.java:455)
at org.testng.SuiteRunner.runSequentially(SuiteRunner.java:450)
at org.testng.SuiteRunner.privateRun(SuiteRunner.java:415)
at org.testng.SuiteRunner.run(SuiteRunner.java:364)
at org.testng.SuiteRunnerWorker.runSuite(SuiteRunnerWorker.java:52)
at org.testng.SuiteRunnerWorker.run(SuiteRunnerWorker.java:84)
at org.testng.TestNG.runSuitesSequentially(TestNG.java:1208)
at org.testng.TestNG.runSuitesLocally(TestNG.java:1137)
at org.testng.TestNG.runSuites(TestNG.java:1049)
at org.testng.TestNG.run(TestNG.java:1017)
at org.testng.remote.AbstractRemoteTestNG.run(AbstractRemoteTestNG.java:115)
at org.testng.remote.RemoteTestNG.initAndRun(RemoteTestNG.java:251)
at org.testng.remote.RemoteTestNG.main(RemoteTestNG.java:77)
]]>
            </full-stacktrace>
          </exception> <!-- org.testng.SkipException -->
          <reporter-output>
          </reporter-output>
        </test-method> <!-- addCustomerTest -->
        <test-method is-config="true" signature="quit()[pri:0, instance:testcases.AddCustomerTest@332729ad]" started-at="2022-10-18T08:56:36Z" name="quit" finished-at="2022-10-18T08:56:36Z" duration-ms="2" status="PASS">
          <reporter-output>
          </reporter-output>
        </test-method> <!-- quit -->
        <test-method signature="addCustomerTest(java.util.Hashtable)[pri:0, instance:testcases.AddCustomerTest@332729ad]" started-at="2022-10-18T08:56:36Z" name="addCustomerTest" data-provider="bankManagerDP" finished-at="2022-10-18T08:56:46Z" duration-ms="10510" status="PASS">
          <params>
            <param index="0">
              <value>
                <![CDATA[{browser=firefox, postcode=D53434, Runmode=Y, lastname=Smith, firstname=Tom}]]>
              </value>
            </param>
          </params>
          <reporter-output>
          </reporter-output>
        </test-method> <!-- addCustomerTest -->
        <test-method is-config="true" signature="quit()[pri:0, instance:testcases.AddCustomerTest@332729ad]" started-at="2022-10-18T08:56:46Z" name="quit" finished-at="2022-10-18T08:56:47Z" duration-ms="630" status="PASS">
          <reporter-output>
          </reporter-output>
        </test-method> <!-- quit -->
      </class> <!-- testcases.AddCustomerTest -->
    </test> <!-- Add Customer Test -->
    <test started-at="2022-10-18T08:56:47Z" name="Open Account Test" finished-at="2022-10-18T08:57:13Z" duration-ms="25749">
      <class name="testcases.OpenAccountTest">
        <test-method is-config="true" signature="setUp()[pri:0, instance:testcases.OpenAccountTest@352c1b98]" started-at="2022-10-18T08:56:20Z" name="setUp" finished-at="2022-10-18T08:56:21Z" duration-ms="27" status="PASS">
          <reporter-output>
          </reporter-output>
        </test-method> <!-- setUp -->
        <test-method signature="openAccountTest(java.util.Hashtable)[pri:0, instance:testcases.OpenAccountTest@352c1b98]" started-at="2022-10-18T08:56:47Z" name="openAccountTest" data-provider="bankManagerDP" finished-at="2022-10-18T08:56:55Z" duration-ms="8505" status="PASS">
          <params>
            <param index="0">
              <value>
                <![CDATA[{currency=Rupee, browser=chrome, Runmode=Y, customer=Harry Potter}]]>
              </value>
            </param>
          </params>
          <reporter-output>
          </reporter-output>
        </test-method> <!-- openAccountTest -->
        <test-method is-config="true" signature="quit()[pri:0, instance:testcases.OpenAccountTest@352c1b98]" started-at="2022-10-18T08:56:55Z" name="quit" finished-at="2022-10-18T08:56:56Z" duration-ms="303" status="PASS">
          <reporter-output>
          </reporter-output>
        </test-method> <!-- quit -->
        <test-method signature="openAccountTest(java.util.Hashtable)[pri:0, instance:testcases.OpenAccountTest@352c1b98]" started-at="2022-10-18T08:56:56Z" name="openAccountTest" data-provider="bankManagerDP" finished-at="2022-10-18T08:57:02Z" duration-ms="6445" status="PASS">
          <params>
            <param index="0">
              <value>
                <![CDATA[{currency=Dollar, browser=chrome, Runmode=Y, customer=Ron Weasly}]]>
              </value>
            </param>
          </params>
          <reporter-output>
          </reporter-output>
        </test-method> <!-- openAccountTest -->
        <test-method is-config="true" signature="quit()[pri:0, instance:testcases.OpenAccountTest@352c1b98]" started-at="2022-10-18T08:57:02Z" name="quit" finished-at="2022-10-18T08:57:03Z" duration-ms="298" status="PASS">
          <reporter-output>
          </reporter-output>
        </test-method> <!-- quit -->
        <test-method signature="openAccountTest(java.util.Hashtable)[pri:0, instance:testcases.OpenAccountTest@352c1b98]" started-at="2022-10-18T08:57:03Z" name="openAccountTest" data-provider="bankManagerDP" finished-at="2022-10-18T08:57:12Z" duration-ms="9587" status="PASS">
          <params>
            <param index="0">
              <value>
                <![CDATA[{currency=Pound, browser=firefox, Runmode=Y, customer=Hermoine Granger}]]>
              </value>
            </param>
          </params>
          <reporter-output>
          </reporter-output>
        </test-method> <!-- openAccountTest -->
        <test-method is-config="true" signature="quit()[pri:0, instance:testcases.OpenAccountTest@352c1b98]" started-at="2022-10-18T08:57:12Z" name="quit" finished-at="2022-10-18T08:57:13Z" duration-ms="583" status="PASS">
          <reporter-output>
          </reporter-output>
        </test-method> <!-- quit -->
        <test-method is-config="true" signature="quitPlaywright()[pri:0, instance:testcases.OpenAccountTest@352c1b98]" started-at="2022-10-18T08:57:13Z" name="quitPlaywright" finished-at="2022-10-18T08:57:13Z" duration-ms="10" status="PASS">
          <reporter-output>
          </reporter-output>
        </test-method> <!-- quitPlaywright -->
      </class> <!-- testcases.OpenAccountTest -->
    </test> <!-- Open Account Test -->
  </suite> <!-- Data Driven Framework -->
</testng-results>
